This file contains any messages produced by compilers while
running configure, to aid debugging if configure makes a mistake.

It was created by configure, which was
generated by GNU Autoconf 2.53.  Invocation command line was

  $ ./configure 

## --------- ##
## Platform. ##
## --------- ##

hostname = haddock
uname -m = i686
uname -r = 2.4.18-14
uname -s = Linux
uname -v = #1 Wed Sep 4 13:35:50 EDT 2002

/usr/bin/uname -p = unknown
/bin/uname -X     = unknown

/bin/arch              = i686
/usr/bin/arch -k       = unknown
/usr/convex/getsysinfo = unknown
hostinfo               = unknown
/bin/machine           = unknown
/usr/bin/oslevel       = unknown
/bin/universe          = unknown

PATH: .
PATH: /home/nikwik/bin
PATH: /usr/bin/X11
PATH: /usr/local/bin
PATH: /usr/games
PATH: /usr/bin
PATH: /bin
PATH: /usr/lib/java/bin
PATH: /opt/gnome/bin
PATH: /opt/kde3/bin
PATH: /sbin
PATH: /usr/local/Oo/program
PATH: /usr/local/MuPAD/share/bin
PATH: /usr/local/VTK/VTK-4.2.1/bin


## ----------- ##
## Core tests. ##
## ----------- ##

configure:1422: checking build system type
configure:1440: result: i686-pc-linux-gnu
configure:1448: checking host system type
configure:1462: result: i686-pc-linux-gnu
configure:1470: checking target system type
configure:1484: result: i686-pc-linux-gnu
configure:1529: checking for a BSD-compatible install
configure:1583: result: /usr/bin/install -c
configure:1598: checking for -p flag to install
configure:1611: result: yes
configure:1622: checking whether build environment is sane
configure:1665: result: yes
configure:1686: checking for gawk
configure:1702: found /usr/bin/gawk
configure:1712: result: gawk
configure:1722: checking whether make sets ${MAKE}
configure:1742: result: yes
configure:1890: checking for style of include used by make
configure:1918: result: GNU
configure:2044: checking for gcc
configure:2060: found /usr/bin/gcc
configure:2070: result: gcc
configure:2314: checking for C compiler version
configure:2317: gcc --version </dev/null >&5
gcc (GCC) 3.2 20020903 (Red Hat Linux 8.0 3.2-7)
Copyright (C) 2002 Free Software Foundation, Inc.
This is free software; see the source for copying conditions.  There is NO
warranty; not even for MERCHANTABILITY or FITNESS FOR A PARTICULAR PURPOSE.

configure:2320: $? = 0
configure:2322: gcc -v </dev/null >&5
Reading specs from /usr/lib/gcc-lib/i386-redhat-linux/3.2/specs
Configured with: ../configure --prefix=/usr --mandir=/usr/share/man --infodir=/usr/share/info --enable-shared --enable-threads=posix --disable-checking --host=i386-redhat-linux --with-system-zlib --enable-__cxa_atexit
Thread model: posix
gcc version 3.2 20020903 (Red Hat Linux 8.0 3.2-7)
configure:2325: $? = 0
configure:2327: gcc -V </dev/null >&5
gcc: argument to `-V' is missing
configure:2330: $? = 1
configure:2356: checking for C compiler default output
configure:2359: gcc  -O0 -g3 -Wall   conftest.c  >&5
configure:2362: $? = 0
configure:2395: result: a.out
configure:2400: checking whether the C compiler works
configure:2406: ./a.out
configure:2409: $? = 0
configure:2424: result: yes
configure:2431: checking whether we are cross compiling
configure:2433: result: no
configure:2436: checking for suffix of executables
configure:2438: gcc -o conftest  -O0 -g3 -Wall   conftest.c  >&5
configure:2441: $? = 0
configure:2463: result: 
configure:2469: checking for suffix of object files
configure:2493: gcc -c  -O0 -g3 -Wall  conftest.c >&5
configure:2496: $? = 0
configure:2515: result: o
configure:2519: checking whether we are using the GNU C compiler
configure:2546: gcc -c  -O0 -g3 -Wall  conftest.c >&5
configure:2549: $? = 0
configure:2552: test -s conftest.o
configure:2555: $? = 0
configure:2567: result: yes
configure:2573: checking whether gcc accepts -g
configure:2597: gcc -c -g  conftest.c >&5
configure:2600: $? = 0
configure:2603: test -s conftest.o
configure:2606: $? = 0
configure:2616: result: yes
configure:2643: gcc -c  -O0 -g3 -Wall  conftest.c >&5
conftest.c:2: parse error before "me"
configure:2646: $? = 1
configure: failed program was:
#ifndef __cplusplus
  choke me
#endif
configure:2758: checking dependency style of gcc
configure:2820: result: gcc3
configure:2831: checking how to run the C preprocessor
configure:2857: gcc -E  conftest.c
configure:2863: $? = 0
configure:2890: gcc -E  conftest.c
configure:2886:28: ac_nonexistent.h: No such file or directory
configure:2896: $? = 1
configure: failed program was:
#line 2885 "configure"
#include "confdefs.h"
#include <ac_nonexistent.h>
configure:2933: result: gcc -E
configure:2948: gcc -E  conftest.c
configure:2954: $? = 0
configure:2981: gcc -E  conftest.c
configure:2977:28: ac_nonexistent.h: No such file or directory
configure:2987: $? = 1
configure: failed program was:
#line 2976 "configure"
#include "confdefs.h"
#include <ac_nonexistent.h>
configure:3107: checking for g++
configure:3123: found /usr/bin/g++
configure:3133: result: g++
configure:3149: checking for C++ compiler version
configure:3152: g++ --version </dev/null >&5
g++ (GCC) 3.2 20020903 (Red Hat Linux 8.0 3.2-7)
Copyright (C) 2002 Free Software Foundation, Inc.
This is free software; see the source for copying conditions.  There is NO
warranty; not even for MERCHANTABILITY or FITNESS FOR A PARTICULAR PURPOSE.

configure:3155: $? = 0
configure:3157: g++ -v </dev/null >&5
Reading specs from /usr/lib/gcc-lib/i386-redhat-linux/3.2/specs
Configured with: ../configure --prefix=/usr --mandir=/usr/share/man --infodir=/usr/share/info --enable-shared --enable-threads=posix --disable-checking --host=i386-redhat-linux --with-system-zlib --enable-__cxa_atexit
Thread model: posix
gcc version 3.2 20020903 (Red Hat Linux 8.0 3.2-7)
configure:3160: $? = 0
configure:3162: g++ -V </dev/null >&5
g++: argument to `-V' missing

configure:3165: $? = 1
configure:3168: checking whether we are using the GNU C++ compiler
configure:3195: g++ -c  -O0 -g3 -Wall  conftest.cc >&5
configure:3198: $? = 0
configure:3201: test -s conftest.o
configure:3204: $? = 0
configure:3216: result: yes
configure:3222: checking whether g++ accepts -g
configure:3246: g++ -c -g  conftest.cc >&5
configure:3249: $? = 0
configure:3252: test -s conftest.o
configure:3255: $? = 0
configure:3265: result: yes
configure:3311: g++ -c  -O0 -g3 -Wall  conftest.cc >&5
configure:3314: $? = 0
configure:3317: test -s conftest.o
configure:3320: $? = 0
configure:3348: g++ -c  -O0 -g3 -Wall  conftest.cc >&5
configure: In function `int main()':
configure:3340: `exit' undeclared (first use this function)
configure:3340: (Each undeclared identifier is reported only once for each 
   function it appears in.)
configure:3351: $? = 1
configure: failed program was:
#line 3329 "configure"
#include "confdefs.h"

#ifdef F77_DUMMY_MAIN
#  ifdef __cplusplus
     extern "C"
#  endif
   int F77_DUMMY_MAIN() { return 1; }
#endif
int
main ()
{
exit (42);
  ;
  return 0;
}
configure:3311: g++ -c  -O0 -g3 -Wall  conftest.cc >&5
configure:3314: $? = 0
configure:3317: test -s conftest.o
configure:3320: $? = 0
configure:3348: g++ -c  -O0 -g3 -Wall  conftest.cc >&5
configure:3351: $? = 0
configure:3354: test -s conftest.o
configure:3357: $? = 0
configure:3381: checking dependency style of g++
configure:3443: result: gcc3
configure:3730: checking whether g++ supports -Wundef
configure:3769: rm -rf SunWS_cache; g++ -o conftest -Wall -pedantic -W -Wpointer-arith -Wmissing-prototypes -Wwrite-strings -ansi -D_XOPEN_SOURCE=500 -D_BSD_SOURCE -Wcast-align -Wconversion -O2  -O0 -g3 -Wall -Wundef   conftest.cc  1>&5
configure:3772: $? = 0
configure:3775: test -s conftest
configure:3778: $? = 0
configure:3797: result: yes
configure:3809: checking whether g++ supports -Wbad-function-cast
configure:3848: rm -rf SunWS_cache; g++ -o conftest -Wundef -Wall -pedantic -W -Wpointer-arith -Wmissing-prototypes -Wwrite-strings -ansi -D_XOPEN_SOURCE=500 -D_BSD_SOURCE -Wcast-align -Wconversion -O2  -O0 -g3 -Wall -Wbad-function-cast   conftest.cc  1>&5
cc1plus: warning: ignoring command line option '-Wbad-function-cast'
configure:3851: $? = 0
configure:3854: test -s conftest
configure:3857: $? = 0
configure:3876: result: yes
configure:3888: checking whether g++ supports -Wno-long-long
configure:3927: rm -rf SunWS_cache; g++ -o conftest -Wbad-function-cast -Wundef -Wall -pedantic -W -Wpointer-arith -Wmissing-prototypes -Wwrite-strings -ansi -D_XOPEN_SOURCE=500 -D_BSD_SOURCE -Wcast-align -Wconversion -O2  -O0 -g3 -Wall -Wno-long-long   conftest.cc  1>&5
configure:3930: $? = 0
configure:3933: test -s conftest
configure:3936: $? = 0
configure:3955: result: yes
configure:3967: checking whether g++ supports -Wnon-virtual-dtor
configure:4006: rm -rf SunWS_cache; g++ -o conftest -Wno-long-long -Wbad-function-cast -Wundef -Wall -pedantic -W -Wpointer-arith -Wmissing-prototypes -Wwrite-strings -ansi -D_XOPEN_SOURCE=500 -D_BSD_SOURCE -Wcast-align -Wconversion -O2  -O0 -g3 -Wall -Wnon-virtual-dtor   conftest.cc  1>&5
configure:4009: $? = 0
configure:4012: test -s conftest
configure:4015: $? = 0
configure:4034: result: yes
configure:4054: checking whether g++ supports -fno-exceptions
configure:4093: rm -rf SunWS_cache; g++ -o conftest -Wnon-virtual-dtor -Wno-long-long -Wbad-function-cast -Wundef -Wall -pedantic -W -Wpointer-arith -Wmissing-prototypes -Wwrite-strings -ansi -D_XOPEN_SOURCE=500 -D_BSD_SOURCE -Wcast-align -Wconversion -O2  -O0 -g3 -Wall -fno-exceptions   conftest.cc  1>&5
configure:4096: $? = 0
configure:4099: test -s conftest
configure:4102: $? = 0
configure:4121: result: yes
configure:4133: checking whether g++ supports -fno-check-new
configure:4172: rm -rf SunWS_cache; g++ -o conftest -Wnon-virtual-dtor -Wno-long-long -Wbad-function-cast -Wundef -Wall -pedantic -W -Wpointer-arith -Wmissing-prototypes -Wwrite-strings -ansi -D_XOPEN_SOURCE=500 -D_BSD_SOURCE -Wcast-align -Wconversion -O2  -O0 -g3 -Wall -fno-exceptions -fno-check-new   conftest.cc  1>&5
configure:4175: $? = 0
configure:4178: test -s conftest
configure:4181: $? = 0
configure:4200: result: yes
configure:4212: checking whether g++ supports -fexceptions
configure:4251: rm -rf SunWS_cache; g++ -o conftest -Wnon-virtual-dtor -Wno-long-long -Wbad-function-cast -Wundef -Wall -pedantic -W -Wpointer-arith -Wmissing-prototypes -Wwrite-strings -ansi -D_XOPEN_SOURCE=500 -D_BSD_SOURCE -Wcast-align -Wconversion -O2  -O0 -g3 -Wall -fno-exceptions -fno-check-new -fexceptions   conftest.cc  1>&5
configure:4254: $? = 0
configure:4257: test -s conftest
configure:4260: $? = 0
configure:4279: result: yes
configure:4886: checking how to run the C++ preprocessor
configure:4908: g++ -E  conftest.cc
configure:4914: $? = 0
configure:4941: g++ -E  conftest.cc
configure:4937:28: ac_nonexistent.h: No such file or directory
configure:4947: $? = 1
configure: failed program was:
#line 4936 "configure"
#include "confdefs.h"
#include <ac_nonexistent.h>
configure:4984: result: g++ -E
configure:4999: g++ -E  conftest.cc
configure:5005: $? = 0
configure:5032: g++ -E  conftest.cc
configure:5028:28: ac_nonexistent.h: No such file or directory
configure:5038: $? = 1
configure: failed program was:
#line 5027 "configure"
#include "confdefs.h"
#include <ac_nonexistent.h>
configure:5100: checking whether g++ supports -frepo
configure:5139: rm -rf SunWS_cache; g++ -o conftest -Wnon-virtual-dtor -Wno-long-long -Wbad-function-cast -Wundef -Wall -pedantic -W -Wpointer-arith -Wmissing-prototypes -Wwrite-strings -ansi -D_XOPEN_SOURCE=500 -D_BSD_SOURCE -Wcast-align -Wconversion -O2 -O0 -g3 -Wall -fno-exceptions -fno-check-new -frepo   conftest.cc  1>&5
conftest.cc:1: warning: -frepo must be used with -c
configure:5142: $? = 0
configure:5145: test -s conftest
configure:5148: $? = 0
configure:5167: result: yes
configure:5400: checking for ld used by GCC
configure:5464: result: /usr/bin/ld
configure:5473: checking if the linker (/usr/bin/ld) is GNU ld
GNU ld version 2.13.90.0.2 20020802
configure:5485: result: yes
configure:5490: checking for /usr/bin/ld option to reload object files
configure:5497: result: -r
configure:5506: checking for BSD-compatible nm
configure:5541: result: /usr/bin/nm -B
configure:5545: checking for a sed that does not truncate output
configure:5621: result: 
configure:5624: checking whether ln -s works
configure:5628: result: yes
configure:5635: checking how to recognise dependant libraries
configure:5822: result: pass_all
configure:5892: gcc -c -ansi -W -Wall -pedantic -Wshadow -Wpointer-arith -Wmissing-prototypes -Wwrite-strings -D_XOPEN_SOURCE=500 -D_BSD_SOURCE -O2  -O0 -g3 -Wall  conftest.c >&5
configure:5895: $? = 0
configure:5982: checking for ANSI C header files
configure:5996: gcc -E  conftest.c
configure:6002: $? = 0
configure:6087: gcc -o conftest -ansi -W -Wall -pedantic -Wshadow -Wpointer-arith -Wmissing-prototypes -Wwrite-strings -D_XOPEN_SOURCE=500 -D_BSD_SOURCE -O2  -O0 -g3 -Wall   conftest.c  >&5
configure: In function `main':
configure:6080: warning: implicit declaration of function `exit'
configure:6090: $? = 0
configure:6092: ./conftest
configure:6095: $? = 0
configure:6109: result: yes
configure:6133: checking for sys/types.h
configure:6146: gcc -c -ansi -W -Wall -pedantic -Wshadow -Wpointer-arith -Wmissing-prototypes -Wwrite-strings -D_XOPEN_SOURCE=500 -D_BSD_SOURCE -O2  -O0 -g3 -Wall  conftest.c >&5
configure:6149: $? = 0
configure:6152: test -s conftest.o
configure:6155: $? = 0
configure:6165: result: yes
configure:6133: checking for sys/stat.h
configure:6146: gcc -c -ansi -W -Wall -pedantic -Wshadow -Wpointer-arith -Wmissing-prototypes -Wwrite-strings -D_XOPEN_SOURCE=500 -D_BSD_SOURCE -O2  -O0 -g3 -Wall  conftest.c >&5
configure:6149: $? = 0
configure:6152: test -s conftest.o
configure:6155: $? = 0
configure:6165: result: yes
configure:6133: checking for stdlib.h
configure:6146: gcc -c -ansi -W -Wall -pedantic -Wshadow -Wpointer-arith -Wmissing-prototypes -Wwrite-strings -D_XOPEN_SOURCE=500 -D_BSD_SOURCE -O2  -O0 -g3 -Wall  conftest.c >&5
configure:6149: $? = 0
configure:6152: test -s conftest.o
configure:6155: $? = 0
configure:6165: result: yes
configure:6133: checking for string.h
configure:6146: gcc -c -ansi -W -Wall -pedantic -Wshadow -Wpointer-arith -Wmissing-prototypes -Wwrite-strings -D_XOPEN_SOURCE=500 -D_BSD_SOURCE -O2  -O0 -g3 -Wall  conftest.c >&5
configure:6149: $? = 0
configure:6152: test -s conftest.o
configure:6155: $? = 0
configure:6165: result: yes
configure:6133: checking for memory.h
configure:6146: gcc -c -ansi -W -Wall -pedantic -Wshadow -Wpointer-arith -Wmissing-prototypes -Wwrite-strings -D_XOPEN_SOURCE=500 -D_BSD_SOURCE -O2  -O0 -g3 -Wall  conftest.c >&5
configure:6149: $? = 0
configure:6152: test -s conftest.o
configure:6155: $? = 0
configure:6165: result: yes
configure:6133: checking for strings.h
configure:6146: gcc -c -ansi -W -Wall -pedantic -Wshadow -Wpointer-arith -Wmissing-prototypes -Wwrite-strings -D_XOPEN_SOURCE=500 -D_BSD_SOURCE -O2  -O0 -g3 -Wall  conftest.c >&5
configure:6149: $? = 0
configure:6152: test -s conftest.o
configure:6155: $? = 0
configure:6165: result: yes
configure:6133: checking for inttypes.h
configure:6146: gcc -c -ansi -W -Wall -pedantic -Wshadow -Wpointer-arith -Wmissing-prototypes -Wwrite-strings -D_XOPEN_SOURCE=500 -D_BSD_SOURCE -O2  -O0 -g3 -Wall  conftest.c >&5
configure:6149: $? = 0
configure:6152: test -s conftest.o
configure:6155: $? = 0
configure:6165: result: yes
configure:6133: checking for stdint.h
configure:6146: gcc -c -ansi -W -Wall -pedantic -Wshadow -Wpointer-arith -Wmissing-prototypes -Wwrite-strings -D_XOPEN_SOURCE=500 -D_BSD_SOURCE -O2  -O0 -g3 -Wall  conftest.c >&5
configure:6149: $? = 0
configure:6152: test -s conftest.o
configure:6155: $? = 0
configure:6165: result: yes
configure:6133: checking for unistd.h
configure:6146: gcc -c -ansi -W -Wall -pedantic -Wshadow -Wpointer-arith -Wmissing-prototypes -Wwrite-strings -D_XOPEN_SOURCE=500 -D_BSD_SOURCE -O2  -O0 -g3 -Wall  conftest.c >&5
configure:6149: $? = 0
configure:6152: test -s conftest.o
configure:6155: $? = 0
configure:6165: result: yes
configure:6191: checking dlfcn.h usability
configure:6200: gcc -c -ansi -W -Wall -pedantic -Wshadow -Wpointer-arith -Wmissing-prototypes -Wwrite-strings -D_XOPEN_SOURCE=500 -D_BSD_SOURCE -O2  -O0 -g3 -Wall  conftest.c >&5
configure:6203: $? = 0
configure:6206: test -s conftest.o
configure:6209: $? = 0
configure:6218: result: yes
configure:6222: checking dlfcn.h presence
configure:6229: gcc -E  conftest.c
configure:6235: $? = 0
configure:6253: result: yes
configure:6271: checking for dlfcn.h
configure:6278: result: yes
configure:6295: checking the maximum length of command line arguments
configure:6343: result: 32768
configure:6354: checking command to parse /usr/bin/nm -B output from gcc object
configure:6439: gcc -c -ansi -W -Wall -pedantic -Wshadow -Wpointer-arith -Wmissing-prototypes -Wwrite-strings -D_XOPEN_SOURCE=500 -D_BSD_SOURCE -O2  -O0 -g3 -Wall  conftest.c >&5
conftest.c:5: warning: no previous prototype for `nm_test_func'
configure:6442: $? = 0
configure:6446: /usr/bin/nm -B conftest.o \| sed -n -e 's/^.*[ 	]\([ABCDGISTW][ABCDGISTW]*\)[ 	][ 	]*\(\)\([_A-Za-z][_A-Za-z0-9]*\)$/\1 \2\3 \3/p' \> conftest.nm
configure:6449: $? = 0
configure:6501: gcc -o conftest -ansi -W -Wall -pedantic -Wshadow -Wpointer-arith -Wmissing-prototypes -Wwrite-strings -D_XOPEN_SOURCE=500 -D_BSD_SOURCE -O2  -O0 -g3 -Wall   conftest.c conftstm.o >&5
configure:6504: $? = 0
configure:6542: result: ok
configure:6546: checking for objdir
configure:6561: result: .libs
configure:6651: checking for ranlib
configure:6667: found /usr/bin/ranlib
configure:6678: result: ranlib
configure:6731: checking for strip
configure:6747: found /usr/bin/strip
configure:6758: result: strip
configure:7021: checking if gcc static flag  works
conftest.c:1: warning: return type defaults to `int'
configure:7044: result: no
configure:7061: checking if gcc supports -fno-rtti -fno-exceptions
cc1: warning: ignoring command line option '-fno-rtti'
cc1: warning: (it is valid for C++ but not the selected language)
cc1: warning: ignoring command line option '-fno-rtti'
cc1: warning: (it is valid for C++ but not the selected language)
configure:7085: result: no
configure:7100: checking for gcc option to produce PIC
configure:7253: result: -fPIC
configure:7260: checking if gcc PIC flag -fPIC works
configure:7284: result: yes
configure:7308: checking if gcc supports -c -o file.o
configure:7349: result: yes
configure:7375: checking whether the gcc linker (/usr/bin/ld) supports shared libraries
configure:8160: result: yes
configure:8182: checking whether -lc should be explicitly linked in
configure:8187: gcc -c -ansi -W -Wall -pedantic -Wshadow -Wpointer-arith -Wmissing-prototypes -Wwrite-strings -D_XOPEN_SOURCE=500 -D_BSD_SOURCE -O2  -O0 -g3 -Wall  conftest.c >&5
conftest.c:1: warning: `dummy' defined but not used
configure:8190: $? = 0
configure:8204: gcc -shared conftest.o  -v -Wl,-soname -Wl,conftest -o conftest 2\>\&1 \| grep  -lc  \>/dev/null 2\>\&1
configure:8207: $? = 0
configure:8219: result: no
configure:8225: checking how to hardcode library paths into programs
configure:8249: result: immediate
configure:8263: checking whether stripping libraries is possible
configure:8268: result: yes
configure:8275: checking dynamic linker characteristics
configure:8726: result: GNU/Linux ld.so
configure:9367: checking if libtool supports shared libraries
configure:9369: result: yes
configure:9372: checking whether to build shared libraries
configure:9393: result: yes
configure:9396: checking whether to build static libraries
configure:9400: result: no
configure:9479: creating libtool
configure:10204: checking whether the g++ linker (/usr/bin/ld) supports shared libraries
configure:10861: result: yes
configure:10878: g++ -c -Wnon-virtual-dtor -Wno-long-long -Wbad-function-cast -Wundef -Wall -pedantic -W -Wpointer-arith -Wmissing-prototypes -Wwrite-strings -ansi -D_XOPEN_SOURCE=500 -D_BSD_SOURCE -Wcast-align -Wconversion -O2 -O0 -g3 -Wall -fno-exceptions -fno-check-new  conftest.cc >&5
configure:10881: $? = 0
configure:10981: checking for g++ option to produce PIC
configure:11217: result: -fPIC
configure:11224: checking if g++ PIC flag -fPIC works
configure:11248: result: yes
configure:11272: checking if g++ supports -c -o file.o
configure:11313: result: yes
configure:11339: checking whether the g++ linker (/usr/bin/ld) supports shared libraries
configure:11361: result: yes
configure:11383: checking whether -lc should be explicitly linked in
configure:11388: g++ -c -Wnon-virtual-dtor -Wno-long-long -Wbad-function-cast -Wundef -Wall -pedantic -W -Wpointer-arith -Wmissing-prototypes -Wwrite-strings -ansi -D_XOPEN_SOURCE=500 -D_BSD_SOURCE -Wcast-align -Wconversion -O2 -O0 -g3 -Wall -fno-exceptions -fno-check-new  conftest.cc >&5
conftest.cc:1: warning: `int dummy' defined but not used
configure:11391: $? = 0
configure:11405: g++ -shared -nostdlib  conftest.o   -v -Wl,-soname -Wl,conftest -o conftest 2\>\&1 \| grep  -lc  \>/dev/null 2\>\&1
configure:11408: $? = 1
configure:11420: result: yes
configure:11426: checking how to hardcode library paths into programs
configure:11450: result: immediate
configure:11464: checking whether stripping libraries is possible
configure:11469: result: yes
configure:11476: checking dynamic linker characteristics
configure:11927: result: GNU/Linux ld.so
configure:12984: checking if gcj supports -fno-rtti -fno-exceptions
configure:13008: result: no
configure:13023: checking for gcj option to produce PIC
configure:13176: result: -fPIC
configure:13183: checking if gcj PIC flag -fPIC works
configure:13207: result: no
configure:13231: checking if gcj supports -c -o file.o
configure:13272: result: no
configure:13298: checking whether the gcj linker (/usr/bin/ld) supports shared libraries
configure:14083: result: yes
configure:14105: checking whether -lc should be explicitly linked in
configure:14110: gcj -c -ansi -W -Wall -pedantic -Wshadow -Wpointer-arith -Wmissing-prototypes -Wwrite-strings -D_XOPEN_SOURCE=500 -D_BSD_SOURCE -O2  -O0 -g3 -Wall  conftest.java >&5
gcj: can't specify `-D' without `--main'

configure:14113: $? = 1
configure:14142: result: yes
configure:14148: checking how to hardcode library paths into programs
configure:14172: result: immediate
configure:14186: checking whether stripping libraries is possible
configure:14191: result: yes
configure:14198: checking dynamic linker characteristics
configure:14649: result: GNU/Linux ld.so
configure:16181: checking for extra includes
configure:16209: result: no
configure:16213: checking for extra libs
configure:16242: result: no
configure:16273: checking if gnomemenus should be compiled
configure:16285: result: yes
configure:16386: creating ./config.status

## ---------------------- ##
## Running config.status. ##
## ---------------------- ##

This file was extended by config.status, which was
generated by GNU Autoconf 2.53.  Invocation command line was

  CONFIG_FILES    = 
  CONFIG_HEADERS  = 
  CONFIG_LINKS    = 
  CONFIG_COMMANDS = 
  $ ./config.status 

on haddock

config.status:567: creating config.h
config.status:777: executing default-1 commands

## ---------------- ##
## Cache variables. ##
## ---------------- ##

ac_cv_build=i686-pc-linux-gnu
ac_cv_build_alias=i686-pc-linux-gnu
ac_cv_c_compiler_gnu=yes
ac_cv_cxx_compiler_gnu=yes
ac_cv_env_CC_set=
ac_cv_env_CC_value=
ac_cv_env_CFLAGS_set=set
ac_cv_env_CFLAGS_value='-O0 -g3 -Wall'
ac_cv_env_CPPFLAGS_set=
ac_cv_env_CPPFLAGS_value=
ac_cv_env_CPP_set=
ac_cv_env_CPP_value=
ac_cv_env_CXXCPP_set=
ac_cv_env_CXXCPP_value=
ac_cv_env_CXXFLAGS_set=set
ac_cv_env_CXXFLAGS_value='-O0 -g3 -Wall'
ac_cv_env_CXX_set=
ac_cv_env_CXX_value=
ac_cv_env_LDFLAGS_set=set
ac_cv_env_LDFLAGS_value=
ac_cv_env_build_alias_set=
ac_cv_env_build_alias_value=
ac_cv_env_host_alias_set=
ac_cv_env_host_alias_value=
ac_cv_env_target_alias_set=
ac_cv_env_target_alias_value=
ac_cv_exeext=
ac_cv_header_dlfcn_h=yes
ac_cv_header_inttypes_h=yes
ac_cv_header_memory_h=yes
ac_cv_header_stdc=yes
ac_cv_header_stdint_h=yes
ac_cv_header_stdlib_h=yes
ac_cv_header_string_h=yes
ac_cv_header_strings_h=yes
ac_cv_header_sys_stat_h=yes
ac_cv_header_sys_types_h=yes
ac_cv_header_unistd_h=yes
ac_cv_host=i686-pc-linux-gnu
ac_cv_host_alias=i686-pc-linux-gnu
ac_cv_objext=o
ac_cv_path_install='/usr/bin/install -c'
ac_cv_prog_AWK=gawk
ac_cv_prog_CPP='gcc -E'
ac_cv_prog_CXXCPP='g++ -E'
ac_cv_prog_ac_ct_CC=gcc
ac_cv_prog_ac_ct_CXX=g++
ac_cv_prog_ac_ct_RANLIB=ranlib
ac_cv_prog_ac_ct_STRIP=strip
ac_cv_prog_cc_g=yes
ac_cv_prog_cxx_g=yes
ac_cv_prog_make_make_set=yes
ac_cv_target=i686-pc-linux-gnu
ac_cv_target_alias=i686-pc-linux-gnu
am_cv_CC_dependencies_compiler_type=gcc3
am_cv_CXX_dependencies_compiler_type=gcc3
kde_cv_prog_cxx_Wbad_function_cast=yes
kde_cv_prog_cxx_Wno_long_long=yes
kde_cv_prog_cxx_Wnon_virtual_dtor=yes
kde_cv_prog_cxx_Wundef=yes
kde_cv_prog_cxx_fexceptions=yes
kde_cv_prog_cxx_fno_check_new=yes
kde_cv_prog_cxx_fno_exceptions=yes
kde_cv_prog_cxx_frepo=yes
lt_cv_deplibs_check_method=pass_all
lt_cv_file_magic_cmd='$MAGIC_CMD'
lt_cv_file_magic_test_file='/lib/libc.so.6 /lib/libc-2.3.2.so'
lt_cv_ld_reload_flag=-r
lt_cv_objdir=.libs
lt_cv_path_LD=/usr/bin/ld
lt_cv_path_NM='/usr/bin/nm -B'
lt_cv_path_SED=/bin/sed
lt_cv_prog_compiler_c_o=yes
lt_cv_prog_compiler_c_o_CXX=yes
lt_cv_prog_compiler_c_o_GCJ=no
lt_cv_prog_compiler_rtti_exceptions=no
lt_cv_prog_gnu_ld=yes
lt_cv_sys_global_symbol_pipe='sed -n -e '\''s/^.*[ 	]\([ABCDGISTW][ABCDGISTW]*\)[ 	][ 	]*\(\)\([_A-Za-z][_A-Za-z0-9]*\)$/\1 \2\3 \3/p'\'''
lt_cv_sys_global_symbol_to_c_name_address='sed -n -e '\''s/^: \([^ ]*\) $/  {\"\1\", (lt_ptr) 0},/p'\'' -e '\''s/^[BCDEGRST] \([^ ]*\) \([^ ]*\)$/  {"\2", (lt_ptr) \&\2},/p'\'''
lt_cv_sys_global_symbol_to_cdecl='sed -n -e '\''s/^. .* \(.*\)$/extern int \1;/p'\'''
lt_cv_sys_max_cmd_len=32768
lt_lt_cv_prog_compiler_c_o='"yes"'
lt_lt_cv_prog_compiler_c_o_CXX='"yes"'
lt_lt_cv_prog_compiler_c_o_GCJ='"no"'
lt_lt_cv_sys_global_symbol_pipe='"sed -n -e '\''s/^.*[ 	]\\([ABCDGISTW][ABCDGISTW]*\\)[ 	][ 	]*\\(\\)\\([_A-Za-z][_A-Za-z0-9]*\\)\$/\\1 \\2\\3 \\3/p'\''"'
lt_lt_cv_sys_global_symbol_to_c_name_address='"sed -n -e '\''s/^: \\([^ ]*\\) \$/  {\\\"\\1\\\", (lt_ptr) 0},/p'\'' -e '\''s/^[BCDEGRST] \\([^ ]*\\) \\([^ ]*\\)\$/  {\"\\2\", (lt_ptr) \\&\\2},/p'\''"'
lt_lt_cv_sys_global_symbol_to_cdecl='"sed -n -e '\''s/^. .* \\(.*\\)\$/extern int \\1;/p'\''"'

## ----------- ##
## confdefs.h. ##
## ----------- ##

#define PACKAGE_NAME ""
#define PACKAGE_TARNAME ""
#define PACKAGE_VERSION ""
#define PACKAGE_STRING ""
#define PACKAGE_BUGREPORT ""
#define PACKAGE "gnomemenus"
#define VERSION "0.1"
#ifdef __cplusplus
#include <stdlib.h>
#endif
#define HAVE_TEMPLATE_REPOSITORY 1
#define STDC_HEADERS 1
#define HAVE_SYS_TYPES_H 1
#define HAVE_SYS_STAT_H 1
#define HAVE_STDLIB_H 1
#define HAVE_STRING_H 1
#define HAVE_MEMORY_H 1
#define HAVE_STRINGS_H 1
#define HAVE_INTTYPES_H 1
#define HAVE_STDINT_H 1
#define HAVE_UNISTD_H 1
#define HAVE_DLFCN_H 1

configure: exit 0

## ---------------------- ##
## Running config.status. ##
## ---------------------- ##

This file was extended by config.status, which was
generated by GNU Autoconf 2.53.  Invocation command line was

  CONFIG_FILES    = 
  CONFIG_HEADERS  = config.h
  CONFIG_LINKS    = 
  CONFIG_COMMANDS = 
  $ ./config.status 

on haddock

config.status:567: creating config.h
config.status:676: config.h is unchanged
config.status:777: executing default-1 commands

## ---------------------- ##
## Running config.status. ##
## ---------------------- ##

This file was extended by config.status, which was
generated by GNU Autoconf 2.53.  Invocation command line was

  CONFIG_FILES    = Makefile
  CONFIG_HEADERS  = 
  CONFIG_LINKS    = 
  CONFIG_COMMANDS = 
  $ ./config.status 

on haddock

config.status:777: executing default-1 commands

## ---------------------- ##
## Running config.status. ##
## ---------------------- ##

This file was extended by config.status, which was
generated by GNU Autoconf 2.53.  Invocation command line was

  CONFIG_FILES    = gnomemenus/Makefile
  CONFIG_HEADERS  = 
  CONFIG_LINKS    = 
  CONFIG_COMMANDS = 
  $ ./config.status 

on haddock

config.status:777: executing default-1 commands

## ---------------------- ##
## Running config.status. ##
## ---------------------- ##

This file was extended by config.status, which was
generated by GNU Autoconf 2.53.  Invocation command line was

  CONFIG_FILES    = gnomemenus/docs/Makefile
  CONFIG_HEADERS  = 
  CONFIG_LINKS    = 
  CONFIG_COMMANDS = 
  $ ./config.status 

on haddock

config.status:777: executing default-1 commands

## ---------------------- ##
## Running config.status. ##
## ---------------------- ##

This file was extended by config.status, which was
generated by GNU Autoconf 2.53.  Invocation command line was

  CONFIG_FILES    = gnomemenus/docs/en/Makefile
  CONFIG_HEADERS  = 
  CONFIG_LINKS    = 
  CONFIG_COMMANDS = 
  $ ./config.status 

on haddock

config.status:777: executing default-1 commands
